Determining if the pthread_create exist failed with the following output:
Change Dir: /home/slam/ORB_SLAM2/Examples/ROS/ORB_SLAM2/build/CMakeFiles/CMakeTmp

Run Build Command:/usr/bin/make "cmTryCompileExec880744335/fast"
/usr/bin/make -f CMakeFiles/cmTryCompileExec880744335.dir/build.make CMakeFiles/cmTryCompileExec880744335.dir/build
make[1]: ディレクトリ `/home/slam/ORB_SLAM2/Examples/ROS/ORB_SLAM2/build/CMakeFiles/CMakeTmp' に入ります
/usr/bin/cmake -E cmake_progress_report /home/slam/ORB_SLAM2/Examples/ROS/ORB_SLAM2/build/CMakeFiles/CMakeTmp/CMakeFiles 1
Building C object CMakeFiles/cmTryCompileExec880744335.dir/CheckSymbolExists.c.o
/usr/bin/cc    -o CMakeFiles/cmTryCompileExec880744335.dir/CheckSymbolExists.c.o   -c /home/slam/ORB_SLAM2/Examples/ROS/ORB_SLAM2/build/CMakeFiles/CMakeTmp/CheckSymbolExists.c
Linking C executable cmTryCompileExec880744335
/usr/bin/cmake -E cmake_link_script CMakeFiles/cmTryCompileExec880744335.dir/link.txt --verbose=1
/usr/bin/cc       CMakeFiles/cmTryCompileExec880744335.dir/CheckSymbolExists.c.o  -o cmTryCompileExec880744335 -rdynamic 
CMakeFiles/cmTryCompileExec880744335.dir/CheckSymbolExists.c.o: 関数 `main' 内:
CheckSymbolExists.c:(.text+0x16): `pthread_create' に対する定義されていない参照です
collect2: error: ld returned 1 exit status
make[1]: *** [cmTryCompileExec880744335] エラー 1
make[1]: ディレクトリ `/home/slam/ORB_SLAM2/Examples/ROS/ORB_SLAM2/build/CMakeFiles/CMakeTmp' から出ます
make: *** [cmTryCompileExec880744335/fast] エラー 2

File /home/slam/ORB_SLAM2/Examples/ROS/ORB_SLAM2/build/CMakeFiles/CMakeTmp/CheckSymbolExists.c:
/* */
#include <pthread.h>

int main(int argc, char** argv)
{
  (void)argv;
#ifndef pthread_create
  return ((int*)(&pthread_create))[argc];
#else
  (void)argc;
  return 0;
#endif
}

Determining if the function pthread_create exists in the pthreads failed with the following output:
Change Dir: /home/slam/ORB_SLAM2/Examples/ROS/ORB_SLAM2/build/CMakeFiles/CMakeTmp

Run Build Command:/usr/bin/make "cmTryCompileExec1096365623/fast"
/usr/bin/make -f CMakeFiles/cmTryCompileExec1096365623.dir/build.make CMakeFiles/cmTryCompileExec1096365623.dir/build
make[1]: ディレクトリ `/home/slam/ORB_SLAM2/Examples/ROS/ORB_SLAM2/build/CMakeFiles/CMakeTmp' に入ります
/usr/bin/cmake -E cmake_progress_report /home/slam/ORB_SLAM2/Examples/ROS/ORB_SLAM2/build/CMakeFiles/CMakeTmp/CMakeFiles 1
Building C object CMakeFiles/cmTryCompileExec1096365623.dir/CheckFunctionExists.c.o
/usr/bin/cc   -DCHECK_FUNCTION_EXISTS=pthread_create   -o CMakeFiles/cmTryCompileExec1096365623.dir/CheckFunctionExists.c.o   -c /usr/share/cmake-2.8/Modules/CheckFunctionExists.c
Linking C executable cmTryCompileExec1096365623
/usr/bin/cmake -E cmake_link_script CMakeFiles/cmTryCompileExec1096365623.dir/link.txt --verbose=1
/usr/bin/cc   -DCHECK_FUNCTION_EXISTS=pthread_create    CMakeFiles/cmTryCompileExec1096365623.dir/CheckFunctionExists.c.o  -o cmTryCompileExec1096365623 -rdynamic -lpthreads 
/usr/bin/ld: -lpthreads が見つかりません
collect2: error: ld returned 1 exit status
make[1]: ディレクトリ `/home/slam/ORB_SLAM2/Examples/ROS/ORB_SLAM2/build/CMakeFiles/CMakeTmp' から出ます
make[1]: *** [cmTryCompileExec1096365623] エラー 1
make: *** [cmTryCompileExec1096365623/fast] エラー 2


